<?xml version="1.0" encoding="UTF-8"?>
<testsuite name="starter.CucumberTestSuite" tests="0" skipped="0" failures="0" errors="0" timestamp="1970-01-01T00:00:00" hostname="LAPTOP-E0U04B1D" time="0.0">
  <properties/>
  <system-out><![CDATA[21:50:10.240 [Test worker] INFO   - 

-------------------------------------------------------------------------------------
     _______. _______ .______       _______ .__   __.  __  .___________.____    ____ 
    /       ||   ____||   _  \     |   ____||  \ |  | |  | |           |\   \  /   / 
   |   (----`|  |__   |  |_)  |    |  |__   |   \|  | |  | `---|  |----` \   \/   /  
    \   \    |   __|  |      /     |   __|  |  . `  | |  |     |  |       \_    _/   
.----)   |   |  |____ |  |\  \----.|  |____ |  |\   | |  |     |  |         |  |     
|_______/    |_______|| _| `._____||_______||__| \__| |__|     |__|         |__|    
                                                                                     
 News and tutorials at http://www.serenity-bdd.info                                  
 Documentation at https://wakaleo.gitbooks.io/the-serenity-book/content/             
 Join the Serenity Community on Gitter: https://gitter.im/serenity-bdd/serenity-core 
 Serenity BDD Support and Training at http://serenity-bdd.info/#/trainingandsupport  
 Learn Serenity BDD online at https://www.serenitydojo.net                           
-------------------------------------------------------------------------------------

21:50:10.250 [Test worker] INFO   - Test Suite Started: Login into the application
21:50:10.278 [Test worker] INFO   - Test Suite Started: Registration
21:51:03.291 [Test worker] ERROR  - 
           __  _____ _____ ____ _____   _____ _    ___ _     _____ ____  
  _       / / |_   _| ____/ ___|_   _| |  ___/ \  |_ _| |   | ____|  _ \ 
 (_)_____| |    | | |  _| \___ \ | |   | |_ / _ \  | || |   |  _| | | | |
  _|_____| |    | | | |___ ___) || |   |  _/ ___ \ | || |___| |___| |_| |
 (_)     | |    |_| |_____|____/ |_|   |_|/_/   \_\___|_____|_____|____/ 
          \_\                                                            

Pepito can register successfully
--------------------------------------------------------------------------
21:51:03.471 [Test worker] ERROR  -     Test failed at step: Then The welcome message should be 'Welcome to the world's largest community of freelance software testers!'
21:51:03.472 [Test worker] ERROR  -     Expected: "Welcome to the world's largest community of freelance software testers!" but: was "  Step 4:   The last step    "
]]></system-out>
  <system-err><![CDATA[Mar 14, 2021 9:50:10 PM cucumber.runtime.java.ObjectFactoryLoader loadSingleObjectFactory
WARNING: Loading deprecated ObjectFactory from runtime via reflection: cucumber.runtime.SerenityObjectFactory
]]></system-err>
</testsuite>
